2025-07-02 02:18:57 [background-preinit] INFO  o.h.validator.internal.util.Version - HV000001: Hibernate Validator 8.0.2.Final
2025-07-02 02:18:58 [Test worker] INFO  r.t.p.i.c.ApplicationControllerTest - Starting ApplicationControllerTest using Java 21.0.4 with PID 27332 (started by Dylag in C:\studying\university\capstone\team-sync\back\projects)
2025-07-02 02:18:58 [Test worker] INFO  r.t.p.i.c.ApplicationControllerTest - The following 1 profile is active: "test"
2025-07-02 02:19:00 [Test worker] INFO  o.s.d.r.c.RepositoryConfigurationDelegate - Bootstrapping Spring Data JPA repositories in DEFAULT mode.
2025-07-02 02:19:00 [Test worker] INFO  o.s.d.r.c.RepositoryConfigurationDelegate - Finished Spring Data repository scanning in 120 ms. Found 4 JPA repository interfaces.
2025-07-02 02:19:01 [Test worker] INFO  liquibase.database - Set default schema name to public
2025-07-02 02:19:02 [Test worker] INFO  liquibase.changelog - Creating database history table with name: public.databasechangelog
2025-07-02 02:19:02 [Test worker] INFO  liquibase.changelog - Reading from public.databasechangelog
2025-07-02 02:19:02 [Test worker] INFO  liquibase.snapshot - Creating snapshot
2025-07-02 02:19:02 [Test worker] INFO  liquibase.lockservice - Successfully acquired change log lock
2025-07-02 02:19:02 [Test worker] INFO  liquibase.command - Using deploymentId: 1411941165
2025-07-02 02:19:02 [Test worker] INFO  liquibase.changelog - Reading from public.databasechangelog
2025-07-02 02:19:02 [Test worker] INFO  liquibase.ui - Running Changeset: db/changelog.yml::1::Elizaveta Zagurskih, Stepan Dementev
2025-07-02 02:19:02 [Test worker] INFO  liquibase.changelog - SQL in file scripts/TS-39-init-database.sql executed
2025-07-02 02:19:02 [Test worker] INFO  liquibase.changelog - ChangeSet db/changelog.yml::1::Elizaveta Zagurskih, Stepan Dementev ran successfully in 114ms
2025-07-02 02:19:02 [Test worker] INFO  liquibase.ui - Running Changeset: db/changelog.yml::2::Stepan Dementev
2025-07-02 02:19:02 [Test worker] INFO  liquibase.changelog - SQL in file scripts/TS-59-add-auth-schemas.sql executed
2025-07-02 02:19:02 [Test worker] INFO  liquibase.changelog - ChangeSet db/changelog.yml::2::Stepan Dementev ran successfully in 18ms
2025-07-02 02:19:02 [Test worker] INFO  liquibase.ui - Running Changeset: db/changelog.yml::3::Danis Sharafiev, Kamilya Shakirova
2025-07-02 02:19:07 [Test worker] INFO  liquibase.changelog - SQL in file scripts/TS-57-add-data.sql executed
2025-07-02 02:19:07 [Test worker] INFO  liquibase.changelog - ChangeSet db/changelog.yml::3::Danis Sharafiev, Kamilya Shakirova ran successfully in 4726ms
2025-07-02 02:19:07 [Test worker] INFO  liquibase.ui - Running Changeset: db/changelog.yml::4::Stepan Dementev
2025-07-02 02:19:07 [Test worker] INFO  liquibase.changelog - SQL in file scripts/TS-116-update-project-statuses.sql executed
2025-07-02 02:19:07 [Test worker] INFO  liquibase.changelog - ChangeSet db/changelog.yml::4::Stepan Dementev ran successfully in 9ms
2025-07-02 02:19:07 [Test worker] INFO  liquibase.ui - Running Changeset: db/changelog.yml::5::Stepan Dementev
2025-07-02 02:19:07 [Test worker] INFO  liquibase.changelog - SQL in file scripts/TS-117-add-project-roles.sql executed
2025-07-02 02:19:07 [Test worker] INFO  liquibase.changelog - ChangeSet db/changelog.yml::5::Stepan Dementev ran successfully in 130ms
2025-07-02 02:19:07 [Test worker] INFO  liquibase.ui - Running Changeset: db/changelog.yml::6::Stepan Dementev
2025-07-02 02:19:07 [Test worker] INFO  liquibase.changelog - SQL in file scripts/TS-154-add-missing-primary-keys.sql executed
2025-07-02 02:19:07 [Test worker] INFO  liquibase.changelog - ChangeSet db/changelog.yml::6::Stepan Dementev ran successfully in 15ms
2025-07-02 02:19:07 [Test worker] INFO  liquibase.util - UPDATE SUMMARY
2025-07-02 02:19:07 [Test worker] INFO  liquibase.util - Run:                          6
2025-07-02 02:19:07 [Test worker] INFO  liquibase.util - Previously run:               0
2025-07-02 02:19:07 [Test worker] INFO  liquibase.util - Filtered out:                 0
2025-07-02 02:19:07 [Test worker] INFO  liquibase.util - -------------------------------
2025-07-02 02:19:07 [Test worker] INFO  liquibase.util - Total change sets:            6
2025-07-02 02:19:07 [Test worker] INFO  liquibase.util - Update summary generated
2025-07-02 02:19:07 [Test worker] INFO  liquibase.command - Update command completed successfully.
2025-07-02 02:19:07 [Test worker] INFO  liquibase.ui - Liquibase: Update has been successful. Rows affected: 2638
2025-07-02 02:19:07 [Test worker] INFO  liquibase.lockservice - Successfully released change log lock
2025-07-02 02:19:07 [Test worker] INFO  liquibase.command - Command execution complete
2025-07-02 02:19:09 [Test worker] INFO  com.zaxxer.hikari.HikariDataSource - HikariPool-1 - Starting...
2025-07-02 02:19:09 [Test worker] INFO  com.zaxxer.hikari.pool.HikariPool - HikariPool-1 - Added connection org.postgresql.jdbc.PgConnection@7e4431b4
2025-07-02 02:19:09 [Test worker] INFO  com.zaxxer.hikari.HikariDataSource - HikariPool-1 - Start completed.
2025-07-02 02:19:09 [Test worker] INFO  o.h.jpa.internal.util.LogHelper - HHH000204: Processing PersistenceUnitInfo [name: default]
2025-07-02 02:19:09 [Test worker] INFO  org.hibernate.Version - HHH000412: Hibernate ORM core version 6.6.18.Final
2025-07-02 02:19:09 [Test worker] INFO  o.h.c.i.RegionFactoryInitiator - HHH000026: Second-level cache disabled
2025-07-02 02:19:10 [Test worker] INFO  o.s.o.j.p.SpringPersistenceUnitInfo - No LoadTimeWeaver setup: ignoring JPA class transformer
2025-07-02 02:19:10 [Test worker] INFO  o.hibernate.orm.connections.pooling - HHH10001005: Database info:
	Database JDBC URL [Connecting through datasource 'HikariDataSource (HikariPool-1)']
	Database driver: undefined/unknown
	Database version: 16.9
	Autocommit mode: undefined/unknown
	Isolation level: undefined/unknown
	Minimum pool size: undefined/unknown
	Maximum pool size: undefined/unknown
2025-07-02 02:19:11 [Test worker] INFO  o.h.e.t.j.p.i.JtaPlatformInitiator - HHH000489: No JTA platform available (set 'hibernate.transaction.jta.platform' to enable JTA platform integration)
2025-07-02 02:19:11 [Test worker] INFO  o.s.o.j.LocalContainerEntityManagerFactoryBean - Initialized JPA EntityManagerFactory for persistence unit 'default'
2025-07-02 02:19:12 [Test worker] WARN  o.s.b.a.o.j.JpaBaseConfiguration$JpaWebConfiguration - spring.jpa.open-in-view is enabled by default. Therefore, database queries may be performed during view rendering. Explicitly configure spring.jpa.open-in-view to disable this warning
2025-07-02 02:19:12 [Test worker] DEBUG o.s.s.c.a.a.c.AuthenticationConfiguration$DefaultPasswordEncoderAuthenticationManagerBuilder - No authenticationProviders and no parentAuthenticationManager defined. Returning null.
2025-07-02 02:19:13 [Test worker] DEBUG o.s.s.web.DefaultSecurityFilterChain - Will secure any request with filters: DisableEncodeUrlFilter, WebAsyncManagerIntegrationFilter, SecurityContextHolderFilter, HeaderWriterFilter, LogoutFilter, JwtAuthFilter, RequestCacheAwareFilter, SecurityContextHolderAwareRequestFilter, AnonymousAuthenticationFilter, SessionManagementFilter, ExceptionTranslationFilter, AuthorizationFilter
2025-07-02 02:19:13 [Test worker] INFO  o.s.b.t.m.w.SpringBootMockServletContext - Initializing Spring TestDispatcherServlet ''
2025-07-02 02:19:13 [Test worker] INFO  o.s.t.w.s.TestDispatcherServlet - Initializing Servlet ''
2025-07-02 02:19:13 [Test worker] INFO  o.s.t.w.s.TestDispatcherServlet - Completed initialization in 1 ms
2025-07-02 02:19:13 [Test worker] INFO  r.t.p.i.c.ApplicationControllerTest - Started ApplicationControllerTest in 16.688 seconds (process running for 27.152)
2025-07-02 02:19:14 [Test worker] DEBUG o.s.security.web.FilterChainProxy - Securing GET /applications/project/51
2025-07-02 02:19:14 [Test worker] DEBUG o.s.security.web.FilterChainProxy - Secured GET /applications/project/51
2025-07-02 02:19:16 [SpringApplicationShutdownHook] INFO  o.s.o.j.LocalContainerEntityManagerFactoryBean - Closing JPA EntityManagerFactory for persistence unit 'default'
2025-07-02 02:19:16 [SpringApplicationShutdownHook] INFO  com.zaxxer.hikari.HikariDataSource - HikariPool-1 - Shutdown initiated...
2025-07-02 02:19:16 [SpringApplicationShutdownHook] INFO  com.zaxxer.hikari.HikariDataSource - HikariPool-1 - Shutdown completed.
