2025-07-02 02:19:14 [Test worker] INFO  org.zalando.logbook - 
=== Request ===
Method: GET
Path: /applications/project/51
Headers:
  Authorization: XXX
Body:
  <empty>
===============
2025-07-02 02:19:15 [Test worker] INFO  org.zalando.logbook - 
=== Response ===
Status: 200
Headers:
  Cache-Control: no-cache, no-store, max-age=0, must-revalidate
  Content-Type: application/json
  Expires: 0
  Pragma: no-cache
  Vary: Origin, Access-Control-Request-Method, Access-Control-Request-Headers
  X-Content-Type-Options: nosniff
  X-Frame-Options: DENY
  X-XSS-Protection: 0
Body:
  {"error":null,"success":true,"data":{"content":[{"id":1,"student_id":148,"project_id":51,"status":"PENDING","created_at":null}],"pageable":{"page_number":0,"page_size":20,"sort":{"empty":true,"sorted":false,"unsorted":true},"offset":0,"paged":true,"unpaged":false},"total_elements":1,"total_pages":1,"last":true,"size":20,"number":0,"sort":{"empty":true,"sorted":false,"unsorted":true},"number_of_elements":1,"first":true,"empty":false}}
================
